[2025-04-05 22:03:10] [+] Successfully created document for: Prime Response Inc & Chordiant Software Inc
[2025-04-05 22:03:19] [-] No relevant document found for index 1: Fritz Cos Inc & United Parcel Service Inc
[2025-04-05 22:04:05] [+] Successfully created document for: Mediconsult.com Inc & CyBear Inc(Andryx Corp)
[2025-04-05 22:05:01] [+] Successfully created document for: Xircom Inc & Intel Corp
[2025-04-05 22:05:42] [+] Successfully created document for: Allaire Corp & Macromedia Inc
[2025-04-05 22:06:34] [+] Successfully created document for: WebTrends Corp & NetIQ Corp
[2025-04-05 22:07:30] [+] Successfully created document for: Texoil Inc & Ocean Energy Inc
[2025-04-05 22:08:35] [+] Successfully created document for: Guest Supply Inc & Sysco Corp
[2025-04-05 22:09:38] [+] Successfully created document for: Pontotoc Production Inc & Ascent Energy Inc
[2025-04-05 22:10:46] [+] Successfully created document for: Centennial Technologies Inc & Solectron Corp
[2025-04-05 22:11:50] [+] Successfully created document for: Heartport Inc & Johnson & Johnson
[2025-04-06 00:40:19] [+] Successfully created document for: Dallas-Semiconductor Corp & Maxim Integrated Products Inc
[2025-04-05 22:12:56] [+] Successfully created document for: Credit Management Solutions & First American Corp
[2025-04-05 22:13:51] [+] Successfully created document for: Sensory Science Corp & SONICBlue Inc
[2025-04-05 22:14:42] [+] Successfully created document for: Tosco Corp & Phillips Petroleum Co Inc
[2025-04-05 22:15:21] [+] Successfully created document for: UTI Energy Corp & Patterson Energy Inc
[2025-04-05 22:16:13] [+] Successfully created document for: Women.com Networks & iVillage Inc
[2025-04-05 22:17:12] [+] Successfully created document for: Conectiv Inc & Potomac Electric Power Company
[2025-04-05 22:18:15] [+] Successfully created document for: New Era of Networks Inc & Sybase Inc
[2025-04-05 22:19:36] [+] Successfully created document for: RGS Energy Group & Energy East Corp
[2025-04-05 22:20:51] [+] Successfully created document for: Blue Wave Systems Inc & Motorola Inc
[2025-04-05 22:21:44] [+] Successfully created document for: Oshman's Sporting Goods Inc & Gart Sports Co
[2025-04-05 22:22:38] [+] Successfully created document for: ASI Solutions Inc & Aon Corp
[2025-04-05 22:23:55] [+] Successfully created document for: Spieker Properties Inc & Equity Office Properties Trust
[2025-04-05 22:24:37] [+] Successfully created document for: Fourth Shift Corp & AremisSoft Corp
[2025-04-05 22:25:32] [+] Successfully created document for: Data Dimensions Inc & Lionbridge Technologies Inc
[2025-04-05 22:26:23] [+] Successfully created document for: Cambridge Technology Partners & Novell Inc
[2025-04-05 22:26:40] [-] No relevant document found for index 27: United Dominion Industries Ltd & SPX Corp
[2025-04-05 22:27:28] [+] Successfully created document for: Towne Services Inc & Private Business Inc
[2025-04-05 22:28:23] [+] Successfully created document for: VitalCom Inc & Data Critical Corp
[2025-04-05 22:29:36] [*] No background section found for index 30: Bergen Brunswig Corp & AmeriSource Health Corp. Retrying via fallback...
[2025-04-05 22:29:49] [+] Retry attempt successfully created document for: Bergen Brunswig Corp & AmeriSource Health Corp
[2025-04-05 22:29:55] [-] No relevant document found for index 31: True North Communications Inc & Interpublic Group of Cos Inc
[2025-04-05 22:30:29] [+] Successfully created document for: Huntway Refining Co & Valero Energy Corp
[2025-04-05 22:31:13] [+] Successfully created document for: Sequoia Software Corp & Citrix Systems Inc
[2025-04-05 22:32:05] [+] Successfully created document for: CUseeMe Networks Inc & First Virtual Communications
[2025-04-05 22:32:59] [+] Successfully created document for: Kent Electronics Corp & Avnet Inc
[2025-04-05 22:33:50] [+] Successfully created document for: Interland Inc & Micron Electronics Inc
[2025-04-05 22:34:41] [+] Successfully created document for: ALZA Corp & Johnson & Johnson
[2025-04-05 22:35:23] [+] Successfully created document for: Franchise Finance Corp of Amer & General Electric Capital Corp
[2025-04-05 22:35:28] [-] No relevant document found for index 39: General Semiconductor Inc & Vishay Intertechnology Inc
[2025-04-05 22:36:25] [+] Successfully created document for: USA Detergents Inc & Church & Dwight Co Inc
[2025-04-05 22:37:27] [+] Successfully created document for: DTM Corp & 3D Systems Corp
[2025-04-05 22:38:22] [+] Successfully created document for: Exigent International Inc & Harris Corp
[2025-04-05 22:39:02] [+] Successfully created document for: Dean Foods Co & Suiza Foods Corp
[2025-04-05 22:39:56] [+] Successfully created document for: Broadbase Software Inc & Kana Communications Inc
[2025-04-05 22:40:02] [-] No relevant document found for index 45: Ravenswood Winery Inc & Constellation Brands Inc
[2025-04-05 22:40:54] [+] Successfully created document for: Autoweb.com Inc & Autobytel.com Inc
[2025-04-05 22:41:49] [+] Successfully created document for: Foilmark Inc & Illinois Tool Works Inc
[2025-04-05 22:42:41] [+] Successfully created document for: McNaughton Apparel Group Inc & Jones Apparel Group Inc
[2025-04-05 22:42:46] [-] No relevant document found for index 49: Allergan Specialty & Allergan Inc
[2025-04-13 05:13:46] [+] Successfully created document for: MiniMed Inc & Medtronic Inc
[2025-04-13 05:17:01] [+] Successfully created document for: Minntech Corp & Cantel Medical Corp
[2025-04-13 05:20:05] [+] Successfully created document for: Visionics Corp & Identix Inc
[2025-04-13 05:31:20] [*] No background section found for index 372: Millennium Chemicals Inc & Lyondell Chemical Co. Retrying via fallback...
[2025-04-13 05:31:31] [+] Retry attempt successfully created document for: Millennium Chemicals Inc & Lyondell Chemical Co
[2025-04-13 05:34:33] [+] Successfully created document for: Millennium Chemicals Inc & Lyondell Chemical Co
[2025-04-13 05:38:08] [+] Successfully created document for: Buca Inc & Planet Hollywood International
[2025-04-16 06:39:11] [-] Process failed with error: None
[2025-04-16 06:45:08] [-] Process failed with error: None
[2025-04-16 06:54:07] [-] Process failed with error: None
[2025-04-16 06:55:38] [-] Process failed with error: None
[2025-04-16 06:56:28] [-] Process failed with error: None
[2025-04-16 06:57:51] [-] Process failed with error: None
[2025-04-16 06:58:26] [-] Process failed with error: None
[2025-04-16 07:01:33] [-] Process failed with error: None
[2025-04-16 07:04:29] [-] Process failed with error: None
[2025-04-16 07:08:30] [-] Process failed with error: None
[2025-04-16 07:09:00] [-] Process failed with error: None
[2025-04-16 07:09:38] [-] Process failed with error: None
[2025-04-16 07:10:38] [-] Process failed with error: None
[2025-04-16 07:11:26] [-] Process failed with error: None
[2025-04-16 07:11:58] [-] Process failed with error: None
[2025-04-16 07:13:08] [-] Process failed with error: None
[2025-04-16 07:13:30] [-] Process failed with error: None
[2025-04-16 07:14:29] [-] Process failed with error: None
[2025-04-16 07:17:48] [-] Process failed with error: None
[2025-04-16 07:20:39] [-] Process failed with error: None
[2025-04-16 07:21:34] [-] Process failed with error: None
[2025-04-16 07:22:38] [-] Process failed with error: None
[2025-04-16 07:23:28] [-] Process failed with error: None
[2025-04-16 07:24:38] [-] Process failed with error: None
[2025-04-16 07:25:51] [-] Process failed with error: None
[2025-04-16 07:54:15] [-] No document found for: Fritz Cos Inc & United Parcel Service Inc
[2025-04-16 07:54:50] [-] No document found for: Mediconsult.com Inc & CyBear Inc(Andryx Corp)
[2025-04-16 07:54:51] [-] No document found for: Fritz Cos Inc & United Parcel Service Inc
[2025-04-16 07:55:57] [-] No document found for: Mediconsult.com Inc & CyBear Inc(Andryx Corp)
[2025-04-16 07:55:57] [-] No document found for: Fritz Cos Inc & United Parcel Service Inc
[2025-04-16 07:59:15] [-] No document found for: Mediconsult.com Inc & CyBear Inc(Andryx Corp)
[2025-04-16 08:00:15] [-] No document found for: Mediconsult.com Inc & CyBear Inc(Andryx Corp)
[2025-04-16 08:01:15] [-] No document found for: Mediconsult.com Inc & CyBear Inc(Andryx Corp)
[2025-04-16 08:02:55] [-] No document found for: Mediconsult.com Inc & CyBear Inc(Andryx Corp)
[2025-04-16 08:15:20] [-] Process failed with error: concurrent.futures.process._RemoteTraceback: 
"""
Traceback (most recent call last):
  File "C:\Users\bryan\anaconda3\Lib\concurrent\futures\process.py", line 263, in _process_worker
    r = call_item.fn(*call_item.args, **call_item.kwargs)
        ^^^^^^^^^^^^^^^^^^^^^^^^^^^^^^^^^^^^^^^^^^^^^^^^^
  File "e:\Documents\Scripts\MergeExtractor\src\CrawlerSupport.py", line 421, in process_single_job
    results = CrawlerSupport.get_cik_document_json(
              ^^^^^^^^^^^^^^^^^^^^^^^^^^^^^^^^^^^^^
  File "e:\Documents\Scripts\MergeExtractor\src\CrawlerSupport.py", line 209, in get_cik_document_json
    cik_list = CrawlerSupport.get_ciks(search_company, pair_company, date_LB, date_UB, form_types, rate_limiter_resources);
               ^^^^^^^^^^^^^^^^^^^^^^^^^^^^^^^^^^^^^^^^^^^^^^^^^^^^^^^^^^^^^^^^^^^^^^^^^^^^^^^^^^^^^^^^^^^^^^^^^^^^^^^^^^^
  File "e:\Documents\Scripts\MergeExtractor\src\CrawlerSupport.py", line 137, in get_ciks
    response = CrawlerSupport.rate_limited_get(url, any, rate_limiter_resources)
               ^^^^^^^^^^^^^^^^^^^^^^^^^^^^^^^^^^^^^^^^^^^^^^^^^^^^^^^^^^^^^^^^^
  File "e:\Documents\Scripts\MergeExtractor\src\CrawlerSupport.py", line 33, in rate_limited_get
    response = requests.get(url, headers=headers);
               ^^^^^^^^^^^^^^^^^^^^^^^^^^^^^^^^^^
  File "E:\Documents\Scripts\MergeExtractor\venv\Lib\site-packages\requests\api.py", line 73, in get
    return request("get", url, params=params, **kwargs)
           ^^^^^^^^^^^^^^^^^^^^^^^^^^^^^^^^^^^^^^^^^^^^
  File "E:\Documents\Scripts\MergeExtractor\venv\Lib\site-packages\requests\api.py", line 59, in request
    return session.request(method=method, url=url, **kwargs)
           ^^^^^^^^^^^^^^^^^^^^^^^^^^^^^^^^^^^^^^^^^^^^^^^^^
  File "E:\Documents\Scripts\MergeExtractor\venv\Lib\site-packages\requests\sessions.py", line 575, in request
    prep = self.prepare_request(req)
           ^^^^^^^^^^^^^^^^^^^^^^^^^
  File "E:\Documents\Scripts\MergeExtractor\venv\Lib\site-packages\requests\sessions.py", line 484, in prepare_request
    p.prepare(
  File "E:\Documents\Scripts\MergeExtractor\venv\Lib\site-packages\requests\models.py", line 368, in prepare
    self.prepare_headers(headers)
  File "E:\Documents\Scripts\MergeExtractor\venv\Lib\site-packages\requests\models.py", line 488, in prepare_headers
    for header in headers.items():
                  ^^^^^^^^^^^^^
AttributeError: 'builtin_function_or_method' object has no attribute 'items'
"""

The above exception was the direct cause of the following exception:

Traceback (most recent call last):
  File "e:\Documents\Scripts\MergeExtractor\src\Crawler.py", line 122, in runCrawler
    future.result();
    ^^^^^^^^^^^^^^^
  File "C:\Users\bryan\anaconda3\Lib\concurrent\futures\_base.py", line 449, in result
    return self.__get_result()
           ^^^^^^^^^^^^^^^^^^^
  File "C:\Users\bryan\anaconda3\Lib\concurrent\futures\_base.py", line 401, in __get_result
    raise self._exception
AttributeError: 'builtin_function_or_method' object has no attribute 'items'

[2025-04-16 08:16:15] [-] Process failed with error: concurrent.futures.process._RemoteTraceback: 
"""
Traceback (most recent call last):
  File "C:\Users\bryan\anaconda3\Lib\concurrent\futures\process.py", line 263, in _process_worker
    r = call_item.fn(*call_item.args, **call_item.kwargs)
        ^^^^^^^^^^^^^^^^^^^^^^^^^^^^^^^^^^^^^^^^^^^^^^^^^
  File "e:\Documents\Scripts\MergeExtractor\src\CrawlerSupport.py", line 421, in process_single_job
    results = CrawlerSupport.get_cik_document_json(
              ^^^^^^^^^^^^^^^^^^^^^^^^^^^^^^^^^^^^^
  File "e:\Documents\Scripts\MergeExtractor\src\CrawlerSupport.py", line 209, in get_cik_document_json
    cik_list = CrawlerSupport.get_ciks(search_company, pair_company, date_LB, date_UB, form_types, rate_limiter_resources);
               ^^^^^^^^^^^^^^^^^^^^^^^^^^^^^^^^^^^^^^^^^^^^^^^^^^^^^^^^^^^^^^^^^^^^^^^^^^^^^^^^^^^^^^^^^^^^^^^^^^^^^^^^^^^
  File "e:\Documents\Scripts\MergeExtractor\src\CrawlerSupport.py", line 137, in get_ciks
    response = CrawlerSupport.rate_limited_get(url, any, rate_limiter_resources)
               ^^^^^^^^^^^^^^^^^^^^^^^^^^^^^^^^^^^^^^^^^^^^^^^^^^^^^^^^^^^^^^^^^
  File "e:\Documents\Scripts\MergeExtractor\src\CrawlerSupport.py", line 33, in rate_limited_get
    response = requests.get(url, headers=headers);
               ^^^^^^^^^^^^^^^^^^^^^^^^^^^^^^^^^^
  File "E:\Documents\Scripts\MergeExtractor\venv\Lib\site-packages\requests\api.py", line 73, in get
    return request("get", url, params=params, **kwargs)
           ^^^^^^^^^^^^^^^^^^^^^^^^^^^^^^^^^^^^^^^^^^^^
  File "E:\Documents\Scripts\MergeExtractor\venv\Lib\site-packages\requests\api.py", line 59, in request
    return session.request(method=method, url=url, **kwargs)
           ^^^^^^^^^^^^^^^^^^^^^^^^^^^^^^^^^^^^^^^^^^^^^^^^^
  File "E:\Documents\Scripts\MergeExtractor\venv\Lib\site-packages\requests\sessions.py", line 575, in request
    prep = self.prepare_request(req)
           ^^^^^^^^^^^^^^^^^^^^^^^^^
  File "E:\Documents\Scripts\MergeExtractor\venv\Lib\site-packages\requests\sessions.py", line 484, in prepare_request
    p.prepare(
  File "E:\Documents\Scripts\MergeExtractor\venv\Lib\site-packages\requests\models.py", line 368, in prepare
    self.prepare_headers(headers)
  File "E:\Documents\Scripts\MergeExtractor\venv\Lib\site-packages\requests\models.py", line 488, in prepare_headers
    for header in headers.items():
                  ^^^^^^^^^^^^^
AttributeError: 'builtin_function_or_method' object has no attribute 'items'
"""

The above exception was the direct cause of the following exception:

Traceback (most recent call last):
  File "e:\Documents\Scripts\MergeExtractor\src\Crawler.py", line 122, in runCrawler
    future.result();
    ^^^^^^^^^^^^^^^
  File "C:\Users\bryan\anaconda3\Lib\concurrent\futures\_base.py", line 449, in result
    return self.__get_result()
           ^^^^^^^^^^^^^^^^^^^
  File "C:\Users\bryan\anaconda3\Lib\concurrent\futures\_base.py", line 401, in __get_result
    raise self._exception
AttributeError: 'builtin_function_or_method' object has no attribute 'items'

[2025-04-16 08:19:33] [-] No relevant document found for index 1: Fritz Cos Inc & United Parcel Service Inc
